<?xml version="1.0" encoding="UTF-8"?>
<testng-results ignored="0" total="1" passed="1" failed="0" skipped="0">
  <reporter-output>
  </reporter-output>
  <suite started-at="2023-01-02T14:54:09 BDT" name="Default suite" finished-at="2023-01-02T14:54:11 BDT" duration-ms="1610">
    <groups>
    </groups>
    <test started-at="2023-01-02T14:54:09 BDT" name="Default test" finished-at="2023-01-02T14:54:11 BDT" duration-ms="1610">
      <class name="execution.com.SmokeTestSuite">
        <test-method is-config="true" signature="openBrowser()[pri:0, instance:execution.com.SmokeTestSuite@3527942a]" started-at="2023-01-02T14:54:09 BDT" name="openBrowser" finished-at="2023-01-02T14:54:11 BDT" duration-ms="1571" status="PASS">
          <reporter-output>
          </reporter-output>
        </test-method> <!-- openBrowser -->
        <test-method signature="loginTest()[pri:0, instance:execution.com.SmokeTestSuite@3527942a]" started-at="2023-01-02T14:54:11 BDT" name="loginTest" finished-at="2023-01-02T14:54:11 BDT" duration-ms="4" status="PASS">
          <reporter-output>
          </reporter-output>
        </test-method> <!-- loginTest -->
      </class> <!-- execution.com.SmokeTestSuite -->
    </test> <!-- Default test -->
  </suite> <!-- Default suite -->
</testng-results>
